<?xml version="1.0" encoding="UTF-8"?>
<!-- Generated by org.testng.reporters.JUnitReportReporter -->
<testsuite hostname="DESKTOP-K8P4MC5" failures="0" tests="1" name="practice.Demo1Test" time="0.008" errors="0" timestamp="2024-01-24T11:50:51 IST" skipped="0">
  <testcase classname="practice.Demo1Test" name="m5" time="0.008"/>
  <system-out/>
</testsuite> <!-- practice.Demo1Test -->
