<?xml version="1.0" encoding="UTF-8"?>
<!-- Generated by org.testng.reporters.JUnitReportReporter -->
<testsuite hostname="DESKTOP-K8P4MC5" failures="0" tests="2" name="practice.DemoTest" time="0.022" errors="0" timestamp="2024-01-24T11:50:51 IST" skipped="0">
  <testcase classname="practice.DemoTest" name="m3" time="0.006"/>
  <system-out/>
  <testcase classname="practice.DemoTest" name="m1" time="0.016"/>
  <system-out/>
</testsuite> <!-- practice.DemoTest -->
