<?xml version="1.0" encoding="UTF-8"?>
<!-- Generated by org.testng.reporters.JUnitReportReporter -->
<testsuite hostname="DESKTOP-K8P4MC5" failures="0" tests="1" name="practice.Demo3Test" time="0.003" errors="0" timestamp="2024-01-24T11:50:51 IST" skipped="0">
  <testcase classname="practice.Demo3Test" name="m5" time="0.003"/>
  <system-out/>
</testsuite> <!-- practice.Demo3Test -->
